Using pre-set license
Built from '2020.3/release' branch; Version is '2020.3.12f1 (b3b2c6512326) revision 11776710'; Using compiler version '192528614'; Build Type 'Release'
OS: 'Windows 10 Home; OS build 19043.1052; Version 2009; 64bit' Language: 'en' Physical Memory: 16303 MB
BatchMode: 1, IsHumanControllingUs: 0, StartBugReporterOnCrash: 0, Is64bit: 1, IsPro: 0

 COMMAND LINE ARGUMENTS:
C:\Program Files\Unity\Hub\Editor\2020.3.12f1\Editor\Unity.exe
-adb2
-batchMode
-noUpm
-name
AssetImportWorker0
-projectPath
C:/Unity Developer/Learn Unity/Pathway - Junior Programmer/04 - Apply object-oriented principles/Programming-Theory-Repo/Programming Theory Project
-logFile
Logs/AssetImportWorker0.log
-srvPort
49177
Successfully changed project path to: C:/Unity Developer/Learn Unity/Pathway - Junior Programmer/04 - Apply object-oriented principles/Programming-Theory-Repo/Programming Theory Project
C:/Unity Developer/Learn Unity/Pathway - Junior Programmer/04 - Apply object-oriented principles/Programming-Theory-Repo/Programming Theory Project
Using Asset Import Pipeline V2.
Refreshing native plugins compatible for Editor in 28.43 ms, found 2 plugins.
Preloading 0 native plugins for Editor in 0.00 ms.
Initialize engine version: 2020.3.12f1 (b3b2c6512326)
[Subsystems] Discovering subsystems at path C:/Program Files/Unity/Hub/Editor/2020.3.12f1/Editor/Data/Resources/UnitySubsystems
[Subsystems] Discovering subsystems at path C:/Unity Developer/Learn Unity/Pathway - Junior Programmer/04 - Apply object-oriented principles/Programming-Theory-Repo/Programming Theory Project/Assets
GfxDevice: creating device client; threaded=0
Direct3D:
    Version:  Direct3D 11.0 [level 11.1]
    Renderer: NVIDIA GeForce RTX 2060 (ID=0x1f11)
    Vendor:   
    VRAM:     5980 MB
    Driver:   26.21.14.4223
Initialize mono
Mono path[0] = 'C:/Program Files/Unity/Hub/Editor/2020.3.12f1/Editor/Data/Managed'
Mono path[1] = 'C:/Program Files/Unity/Hub/Editor/2020.3.12f1/Editor/Data/MonoBleedingEdge/lib/mono/unityjit'
Mono config path = 'C:/Program Files/Unity/Hub/Editor/2020.3.12f1/Editor/Data/MonoBleedingEdge/etc'
Using monoOptions --debugger-agent=transport=dt_socket,embedding=1,server=y,suspend=n,address=127.0.0.1:56908
Begin MonoManager ReloadAssembly
Registering precompiled unity dll's ...
Register platform support module: C:/Program Files/Unity/Hub/Editor/2020.3.12f1/Editor/Data/PlaybackEngines/WebGLSupport/UnityEditor.WebGL.Extensions.dll
Register platform support module: C:/Program Files/Unity/Hub/Editor/2020.3.12f1/Editor/Data/PlaybackEngines/WindowsStandaloneSupport/UnityEditor.WindowsStandalone.Extensions.dll
Registered in 0.004158 seconds.
Native extension for WindowsStandalone target not found
Native extension for WebGL target not found
Refreshing native plugins compatible for Editor in 25.91 ms, found 2 plugins.
Preloading 0 native plugins for Editor in 0.00 ms.
Mono: successfully reloaded assembly
- Completed reload, in  2.366 seconds
Platform modules already initialized, skipping
Registering precompiled user dll's ...
Registered in 0.006696 seconds.
Begin MonoManager ReloadAssembly
Native extension for WindowsStandalone target not found
Native extension for WebGL target not found
Refreshing native plugins compatible for Editor in 0.28 ms, found 2 plugins.
Preloading 0 native plugins for Editor in 0.00 ms.
Mono: successfully reloaded assembly
- Completed reload, in  1.001 seconds
Platform modules already initialized, skipping
========================================================================
Worker process is ready to serve import requests
Launched and connected shader compiler UnityShaderCompiler.exe after 0.05 seconds
Refreshing native plugins compatible for Editor in 0.25 ms, found 2 plugins.
Preloading 0 native plugins for Editor in 0.00 ms.
Unloading 1386 Unused Serialized files (Serialized files now loaded: 0)
System memory in use before: 65.3 MB.
System memory in use after: 65.3 MB.

Unloading 19 unused Assets to reduce memory usage. Loaded Objects now: 1819.
Total: 1.838200 ms (FindLiveObjects: 0.173300 ms CreateObjectMapping: 0.040500 ms MarkObjects: 1.556900 ms  DeleteObjects: 0.066400 ms)

AssetImportParameters requested are different than current active one (requested -> active):
  custom:framework-win-MediaFoundation: 216162199b28c13a410421893ffa2e32 -> 
  custom:video-decoder-ogg-theora: a1e56fd34408186e4bbccfd4996cb3dc -> 
  custom:container-muxer-webm: aa71ff27fc2769a1b78a27578f13a17b -> 
  custom:container-demuxer-webm: 4f35f7cbe854078d1ac9338744f61a02 -> 
  custom:container-demuxer-ogg: 62fdf1f143b41e24485cea50d1cbac27 -> 
  custom:video-encoder-webm-vp8: eb34c28f22e8b96e1ab97ce403110664 -> 
  custom:video-codec-MediaFoundation-h265: 746d11721c4dcdbdad8f713fa42b33f4 -> 
  custom:video-decoder-webm-vp8: 9c59270c3fd7afecdb556c50c9e8de78 -> 
  custom:audio-decoder-ogg-vorbis: bf7c407c2cedff20999df2af8eb42d56 -> 
  custom:audio-encoder-webm-vorbis: bf7c407c2cedff20999df2af8eb42d56 -> 
========================================================================
Received Import Request.
  path: Assets/Scenes/Game.unity
  artifactKey: Guid(9fc0d4010bbf28b4594072e72b8655ab) Importer(815301076,1909f56bfc062723c751e8b465ee728b)
Start importing Assets/Scenes/Game.unity using Guid(9fc0d4010bbf28b4594072e72b8655ab) Importer(815301076,1909f56bfc062723c751e8b465ee728b)  -> (artifact id: '389dec0db06e7d9c0dbc1537a396a069') in 0.013554 seconds 
  Import took 0.017813 seconds .

========================================================================
Received Import Request.
  Time since last request: 28.877840 seconds.
  path: Assets
  artifactKey: Guid(00000000000000001000000000000000) Importer(815301076,1909f56bfc062723c751e8b465ee728b)
Start importing Assets using Guid(00000000000000001000000000000000) Importer(815301076,1909f56bfc062723c751e8b465ee728b)  -> (artifact id: '42d402b061de3733987d63b9cc3b64de') in 0.003823 seconds 
  Import took 0.008575 seconds .

========================================================================
Received Import Request.
  Time since last request: 4.279324 seconds.
  path: Assets/Materials
  artifactKey: Guid(58fcbc1bc77bacc41af885fff2c3b935) Importer(815301076,1909f56bfc062723c751e8b465ee728b)
Start importing Assets/Materials using Guid(58fcbc1bc77bacc41af885fff2c3b935) Importer(815301076,1909f56bfc062723c751e8b465ee728b)  -> (artifact id: '33378dad43b22bf11d314203f4979162') in 0.003407 seconds 
  Import took 0.007702 seconds .

========================================================================
Received Import Request.
  Time since last request: 0.022585 seconds.
  path: Assets/Materials
  artifactKey: Guid(58fcbc1bc77bacc41af885fff2c3b935) Importer(815301076,1909f56bfc062723c751e8b465ee728b)
Start importing Assets/Materials using Guid(58fcbc1bc77bacc41af885fff2c3b935) Importer(815301076,1909f56bfc062723c751e8b465ee728b)  -> (artifact id: '33378dad43b22bf11d314203f4979162') in 0.003049 seconds 
  Import took 0.007246 seconds .

========================================================================
Received Import Request.
  Time since last request: 5.339318 seconds.
  path: Assets/Scripts
  artifactKey: Guid(368126a772117ff4592a5576d4d77868) Importer(815301076,1909f56bfc062723c751e8b465ee728b)
Start importing Assets/Scripts using Guid(368126a772117ff4592a5576d4d77868) Importer(815301076,1909f56bfc062723c751e8b465ee728b)  -> (artifact id: '7f9f4f39ef9747aeb78e69a3c53cfc94') in 0.003923 seconds 
  Import took 0.008691 seconds .

========================================================================
Received Import Request.
  Time since last request: 0.000744 seconds.
  path: Assets/Scripts
  artifactKey: Guid(368126a772117ff4592a5576d4d77868) Importer(815301076,1909f56bfc062723c751e8b465ee728b)
Start importing Assets/Scripts using Guid(368126a772117ff4592a5576d4d77868) Importer(815301076,1909f56bfc062723c751e8b465ee728b)  -> (artifact id: '7f9f4f39ef9747aeb78e69a3c53cfc94') in 0.003369 seconds 
  Import took 0.007347 seconds .

========================================================================
Received Import Request.
  Time since last request: 694.528521 seconds.
  path: Assets/Prefabs
  artifactKey: Guid(1939824976429f7468c84ff4e5cc1816) Importer(815301076,1909f56bfc062723c751e8b465ee728b)
Start importing Assets/Prefabs using Guid(1939824976429f7468c84ff4e5cc1816) Importer(815301076,1909f56bfc062723c751e8b465ee728b)  -> (artifact id: '4e9739bfbc34085f97a979ad991ddc74') in 0.004416 seconds 
  Import took 0.009646 seconds .

========================================================================
Received Import Request.
  Time since last request: 260.503600 seconds.
  path: Assets/Prefabs/Ground.prefab
  artifactKey: Guid(46f2524f1ce549e40bc3ae12a9b89a9e) Importer(815301076,1909f56bfc062723c751e8b465ee728b)
Start importing Assets/Prefabs/Ground.prefab using Guid(46f2524f1ce549e40bc3ae12a9b89a9e) Importer(815301076,1909f56bfc062723c751e8b465ee728b)  -> (artifact id: '617e9f5b2145858fc3a83b232db0cb65') in 0.128062 seconds 
  Import took 0.132305 seconds .

========================================================================
Received Import Request.
  Time since last request: 109.137119 seconds.
  path: Assets/Prefabs/Ground 1.prefab
  artifactKey: Guid(9b49920d31d66a04e96fb19138ebd1eb) Importer(815301076,1909f56bfc062723c751e8b465ee728b)
Start importing Assets/Prefabs/Ground 1.prefab using Guid(9b49920d31d66a04e96fb19138ebd1eb) Importer(815301076,1909f56bfc062723c751e8b465ee728b)  -> (artifact id: '1c344503b5f6bd9259df11b6fa1b4d62') in 0.010768 seconds 
  Import took 0.015529 seconds .

========================================================================
Received Import Request.
  Time since last request: 235.031862 seconds.
  path: Assets/Prefabs/Player Ground.prefab
  artifactKey: Guid(46f2524f1ce549e40bc3ae12a9b89a9e) Importer(815301076,1909f56bfc062723c751e8b465ee728b)
Start importing Assets/Prefabs/Player Ground.prefab using Guid(46f2524f1ce549e40bc3ae12a9b89a9e) Importer(815301076,1909f56bfc062723c751e8b465ee728b)  -> (artifact id: '5e2f4b0407e39bf1af0c8afdd26272f4') in 0.015538 seconds 
  Import took 0.019960 seconds .

========================================================================
Received Import Request.
  Time since last request: 49.932214 seconds.
  path: Assets/Prefabs/Player Ground.prefab
  artifactKey: Guid(974e3bef9f0b12c4aa636b79fdfd1ff5) Importer(815301076,1909f56bfc062723c751e8b465ee728b)
Start importing Assets/Prefabs/Player Ground.prefab using Guid(974e3bef9f0b12c4aa636b79fdfd1ff5) Importer(815301076,1909f56bfc062723c751e8b465ee728b)  -> (artifact id: 'db0329280db06ef1c7ec9923530ea6f2') in 0.029537 seconds 
  Import took 0.034313 seconds .

========================================================================
Received Import Request.
  Time since last request: 25.797003 seconds.
  path: Assets/Prefabs/Enemy Ground Variant.prefab
  artifactKey: Guid(202fa9255494eb54f844a7190c6d0a45) Importer(815301076,1909f56bfc062723c751e8b465ee728b)
Start importing Assets/Prefabs/Enemy Ground Variant.prefab using Guid(202fa9255494eb54f844a7190c6d0a45) Importer(815301076,1909f56bfc062723c751e8b465ee728b)  -> (artifact id: '500b396266aca9ee0d6121906f23facc') in 0.018229 seconds 
  Import took 0.022396 seconds .

========================================================================
Received Import Request.
  Time since last request: 0.001573 seconds.
  path: Assets/Prefabs/Enemy Ground Variant.prefab
  artifactKey: Guid(202fa9255494eb54f844a7190c6d0a45) Importer(815301076,1909f56bfc062723c751e8b465ee728b)
Start importing Assets/Prefabs/Enemy Ground Variant.prefab using Guid(202fa9255494eb54f844a7190c6d0a45) Importer(815301076,1909f56bfc062723c751e8b465ee728b)  -> (artifact id: '500b396266aca9ee0d6121906f23facc') in 0.022280 seconds 
  Import took 0.027241 seconds .

========================================================================
Received Import Request.
  Time since last request: 4.700081 seconds.
  path: Assets/Prefabs/Enemy Ground.prefab
  artifactKey: Guid(202fa9255494eb54f844a7190c6d0a45) Importer(815301076,1909f56bfc062723c751e8b465ee728b)
Start importing Assets/Prefabs/Enemy Ground.prefab using Guid(202fa9255494eb54f844a7190c6d0a45) Importer(815301076,1909f56bfc062723c751e8b465ee728b)  -> (artifact id: '4419327cdf2a551b799cf886039081e6') in 0.019074 seconds 
  Import took 0.024972 seconds .

